<?xml version="1.0" encoding="UTF-8"?>
<!-- Generated by org.testng.reporters.JUnitXMLReporter -->
<testsuite ignored="0" hostname="Mohsins-Air.fritz.box" failures="0" tests="3" name="Test" time="26.58" errors="0" timestamp="19 Jun 2021 19:24:44 GMT">
  <testcase classname="testCases.TC_001_Lg" name="AddToCart" time="2.847"/>
  <testcase classname="testCases.TC_002" name="loginData" time="2.507"/>
  <testcase classname="testCases.TC_002" name="loginData" time="2.132"/>
</testsuite> <!-- Test -->
