<?xml version="1.0" encoding="UTF-8"?>
<testng-results ignored="0" total="3" passed="3" failed="0" skipped="0">
  <reporter-output>
  </reporter-output>
  <suite started-at="2021-06-19T19:24:17Z" name="Suite" finished-at="2021-06-19T19:24:44Z" duration-ms="26580">
    <groups>
    </groups>
    <test started-at="2021-06-19T19:24:17Z" name="Test" finished-at="2021-06-19T19:24:44Z" duration-ms="26580">
      <class name="testCases.TC_001_Lg">
        <test-method is-config="true" signature="setup()[pri:0, instance:testCases.TC_001_Lg@54bff557]" started-at="2021-06-19T19:24:17Z" name="setup" finished-at="2021-06-19T19:24:26Z" duration-ms="9307" status="PASS">
          <reporter-output>
          </reporter-output>
        </test-method> <!-- setup -->
        <test-method signature="AddToCart()[pri:0, instance:testCases.TC_001_Lg@54bff557]" started-at="2021-06-19T19:24:26Z" name="AddToCart" finished-at="2021-06-19T19:24:29Z" duration-ms="2847" status="PASS">
          <reporter-output>
          </reporter-output>
        </test-method> <!-- AddToCart -->
        <test-method is-config="true" signature="tearDown()[pri:0, instance:testCases.TC_001_Lg@54bff557]" started-at="2021-06-19T19:24:29Z" name="tearDown" finished-at="2021-06-19T19:24:29Z" duration-ms="153" status="PASS">
          <reporter-output>
          </reporter-output>
        </test-method> <!-- tearDown -->
      </class> <!-- testCases.TC_001_Lg -->
      <class name="testCases.TC_002">
        <test-method is-config="true" signature="setup()[pri:0, instance:testCases.TC_002@593aaf41]" started-at="2021-06-19T19:24:29Z" name="setup" finished-at="2021-06-19T19:24:38Z" duration-ms="8756" status="PASS">
          <reporter-output>
          </reporter-output>
        </test-method> <!-- setup -->
        <test-method signature="loginData(java.lang.String, java.lang.String)[pri:0, instance:testCases.TC_002@593aaf41]" started-at="2021-06-19T19:24:39Z" name="loginData" data-provider="testData" finished-at="2021-06-19T19:24:41Z" duration-ms="2507" status="PASS">
          <params>
            <param index="0">
              <value>
                <![CDATA[mohsinnawaz54@yahoo.com]]>
              </value>
            </param>
            <param index="1">
              <value>
                <![CDATA[admin123]]>
              </value>
            </param>
          </params>
          <reporter-output>
          </reporter-output>
        </test-method> <!-- loginData -->
        <test-method signature="loginData(java.lang.String, java.lang.String)[pri:0, instance:testCases.TC_002@593aaf41]" started-at="2021-06-19T19:24:41Z" name="loginData" data-provider="testData" finished-at="2021-06-19T19:24:43Z" duration-ms="2132" status="PASS">
          <params>
            <param index="0">
              <value>
                <![CDATA[mohsinnawaz55@yahoo.com]]>
              </value>
            </param>
            <param index="1">
              <value>
                <![CDATA[mohsin1234]]>
              </value>
            </param>
          </params>
          <reporter-output>
          </reporter-output>
        </test-method> <!-- loginData -->
        <test-method is-config="true" signature="tearDown()[pri:0, instance:testCases.TC_002@593aaf41]" started-at="2021-06-19T19:24:43Z" name="tearDown" finished-at="2021-06-19T19:24:44Z" duration-ms="143" status="PASS">
          <reporter-output>
          </reporter-output>
        </test-method> <!-- tearDown -->
      </class> <!-- testCases.TC_002 -->
    </test> <!-- Test -->
  </suite> <!-- Suite -->
</testng-results>
